Start testing: Sep 18 19:19 CEST
----------------------------------------------------------
1/1 Testing: test_projectile_motion
1/1 Test: test_projectile_motion
Command: "/home/daniel/Bachelorarbeit/Fortran-Unit-Test/build/tests/test_projectile_motion"
Directory: /home/daniel/Bachelorarbeit/Fortran-Unit-Test/build/tests
"test_projectile_motion" start time: Sep 18 19:19 CEST
Output:
----------------------------------------------------------
.
Time:         0.000 seconds
  
 OK
 (1 test)
<end of output>
Test time =   0.00 sec
----------------------------------------------------------
Test Passed.
"test_projectile_motion" end time: Sep 18 19:19 CEST
"test_projectile_motion" time elapsed: 00:00:00
----------------------------------------------------------

End testing: Sep 18 19:19 CEST
